
> shift-bnb@0.1.0 build
> next build --turbopack

   ▲ Next.js 15.5.3 (Turbopack)
   - Environments: .env.local

   Creating an optimized production build ...
 ✓ Finished writing to disk in 69ms
 ✓ Compiled successfully in 4.2s
   Linting and checking validity of types ...

./src/app/discover/page.tsx
81:6  Warning: React Hook useEffect has a missing dependency: 'generateRandomShifts'. Either include it or remove the dependency array.  react-hooks/exhaustive-deps

./src/app/onboarding/restaurant/page.tsx
5:10  Warning: 'geocodeAddress' is defined but never used.  @typescript-eslint/no-unused-vars

./src/app/restaurant/dashboard/page.tsx
93:21  Warning: 'insertedShift' is assigned a value but never used.  @typescript-eslint/no-unused-vars

./src/components/Chat.tsx
4:28  Warning: 'ChatMessage' is defined but never used.  @typescript-eslint/no-unused-vars

./src/middleware.ts
18:48  Warning: 'options' is defined but never used.  @typescript-eslint/no-unused-vars
34:13  Warning: 'user' is assigned a value but never used.  @typescript-eslint/no-unused-vars

info  - Need to disable some ESLint rules? Learn more here: https://nextjs.org/docs/app/api-reference/config/eslint#disabling-rules
   Collecting page data ...
   Generating static pages (0/11) ...
   Generating static pages (2/11) 
   Generating static pages (5/11) 
   Generating static pages (8/11) 
 ✓ Generating static pages (11/11)
   Finalizing page optimization ...
   Collecting build traces ...

Route (app)                         Size  First Load JS
┌ ○ /                                0 B         121 kB
├ ○ /_not-found                      0 B         121 kB
├ ○ /auth/login                  4.76 kB         173 kB
├ ○ /auth/signup                  4.8 kB         174 kB
├ ○ /discover                    5.79 kB         127 kB
├ ○ /onboarding/restaurant       4.01 kB         173 kB
├ ○ /onboarding/worker           3.02 kB         172 kB
└ ○ /restaurant/dashboard        5.57 kB         174 kB
+ First Load JS shared by all     126 kB
  ├ chunks/2008ffcf9e5b170c.js     13 kB
  └ chunks/d04efc723d1783d5.js   59.2 kB
  ├ chunks/d54b50666d053b37.js   17.2 kB
  └ other shared chunks (total)  37.1 kB


ƒ Middleware                     76.8 kB

○  (Static)  prerendered as static content

